[NX Daemon Server] - 2024-10-04T05:51:48.678Z - Started listening on: \\.\pipe\nx\C:\Users\dungurea\AppData\Local\Temp\82dfedcd3aaf4ed10199\d.sock
[NX Daemon Server] - 2024-10-04T05:51:48.681Z - [WATCHER]: Subscribed to changes within: c:\Users\dungurea\Documents\LocalForLocalEU\frontend (native)
[NX Daemon Server] - 2024-10-04T05:51:48.682Z - Established a connection. Number of open connections: 1
[NX Daemon Server] - 2024-10-04T05:51:48.683Z - Established a connection. Number of open connections: 2
[NX Daemon Server] - 2024-10-04T05:51:48.684Z - Closed a connection. Number of open connections: 1
[NX Daemon Server] - 2024-10-04T05:51:48.686Z - [REQUEST]: Responding to the client. Shutdown initiated
[NX Daemon Server] - 2024-10-04T05:51:48.686Z - Done responding to the client Shutdown initiated
[NX Daemon Server] - 2024-10-04T05:51:48.687Z - Handled FORCE_SHUTDOWN. Handling time: 0. Response time: 1.
[NX Daemon Server] - 2024-10-04T05:51:48.687Z - Closed a connection. Number of open connections: 0
[NX Daemon Server] - 2024-10-04T05:51:48.687Z - [WATCHER]: Stopping the watcher for c:\Users\dungurea\Documents\LocalForLocalEU\frontend (sources)
[NX Daemon Server] - 2024-10-04T05:51:48.687Z - [WATCHER]: Stopping the watcher for c:\Users\dungurea\Documents\LocalForLocalEU\frontend (outputs)
[NX Daemon Server] - 2024-10-04T05:51:48.936Z - Started listening on: \\.\pipe\nx\C:\Users\dungurea\AppData\Local\Temp\82dfedcd3aaf4ed10199\d.sock
[NX Daemon Server] - 2024-10-04T05:51:48.938Z - [WATCHER]: Subscribed to changes within: c:\Users\dungurea\Documents\LocalForLocalEU\frontend (native)
[NX Daemon Server] - 2024-10-04T05:51:48.941Z - Established a connection. Number of open connections: 1
[NX Daemon Server] - 2024-10-04T05:51:48.942Z - Closed a connection. Number of open connections: 0
[NX Daemon Server] - 2024-10-04T05:51:48.942Z - Established a connection. Number of open connections: 1
[NX Daemon Server] - 2024-10-04T05:51:48.943Z - [REQUEST]: Responding to the client. Shutdown initiated
[NX Daemon Server] - 2024-10-04T05:51:48.943Z - Done responding to the client Shutdown initiated
[NX Daemon Server] - 2024-10-04T05:51:48.943Z - Handled FORCE_SHUTDOWN. Handling time: 0. Response time: 0.
[NX Daemon Server] - 2024-10-04T05:51:48.956Z - Closed a connection. Number of open connections: 0
[NX Daemon Server] - 2024-10-04T05:51:48.956Z - [WATCHER]: Stopping the watcher for c:\Users\dungurea\Documents\LocalForLocalEU\frontend (sources)
[NX Daemon Server] - 2024-10-04T05:51:48.957Z - [WATCHER]: Stopping the watcher for c:\Users\dungurea\Documents\LocalForLocalEU\frontend (outputs)
[NX Daemon Server] - 2024-10-04T05:52:50.428Z - Started listening on: \\.\pipe\nx\C:\Users\dungurea\AppData\Local\Temp\82dfedcd3aaf4ed10199\d.sock
[NX Daemon Server] - 2024-10-04T05:52:50.431Z - [WATCHER]: Subscribed to changes within: c:\Users\dungurea\Documents\LocalForLocalEU\frontend (native)
[NX Daemon Server] - 2024-10-04T05:52:50.443Z - Established a connection. Number of open connections: 1
[NX Daemon Server] - 2024-10-04T05:52:50.444Z - Closed a connection. Number of open connections: 0
[NX Daemon Server] - 2024-10-04T05:52:50.444Z - Established a connection. Number of open connections: 1
[NX Daemon Server] - 2024-10-04T05:52:50.446Z - [REQUEST]: Responding to the client. Shutdown initiated
[NX Daemon Server] - 2024-10-04T05:52:50.447Z - Done responding to the client Shutdown initiated
[NX Daemon Server] - 2024-10-04T05:52:50.447Z - Handled FORCE_SHUTDOWN. Handling time: 1. Response time: 1.
[NX Daemon Server] - 2024-10-04T05:52:50.447Z - Closed a connection. Number of open connections: 0
[NX Daemon Server] - 2024-10-04T05:52:50.447Z - [WATCHER]: Stopping the watcher for c:\Users\dungurea\Documents\LocalForLocalEU\frontend (sources)
[NX Daemon Server] - 2024-10-04T05:52:50.447Z - [WATCHER]: Stopping the watcher for c:\Users\dungurea\Documents\LocalForLocalEU\frontend (outputs)
[NX Daemon Server] - 2024-10-04T05:52:50.688Z - Started listening on: \\.\pipe\nx\C:\Users\dungurea\AppData\Local\Temp\82dfedcd3aaf4ed10199\d.sock
[NX Daemon Server] - 2024-10-04T05:52:50.691Z - [WATCHER]: Subscribed to changes within: c:\Users\dungurea\Documents\LocalForLocalEU\frontend (native)
[NX Daemon Server] - 2024-10-04T05:52:50.692Z - Established a connection. Number of open connections: 1
[NX Daemon Server] - 2024-10-04T05:52:50.692Z - Established a connection. Number of open connections: 2
[NX Daemon Server] - 2024-10-04T05:52:50.693Z - Closed a connection. Number of open connections: 1
[NX Daemon Server] - 2024-10-04T05:52:50.694Z - [REQUEST]: Responding to the client. Shutdown initiated
[NX Daemon Server] - 2024-10-04T05:52:50.695Z - Done responding to the client Shutdown initiated
[NX Daemon Server] - 2024-10-04T05:52:50.695Z - Handled FORCE_SHUTDOWN. Handling time: 0. Response time: 1.
[NX Daemon Server] - 2024-10-04T05:52:50.705Z - Closed a connection. Number of open connections: 0
[NX Daemon Server] - 2024-10-04T05:52:50.705Z - [WATCHER]: Stopping the watcher for c:\Users\dungurea\Documents\LocalForLocalEU\frontend (sources)
[NX Daemon Server] - 2024-10-04T05:52:50.705Z - [WATCHER]: Stopping the watcher for c:\Users\dungurea\Documents\LocalForLocalEU\frontend (outputs)
[NX Daemon Server] - 2024-10-04T08:02:22.011Z - Started listening on: \\.\pipe\nx\C:\Users\dungurea\AppData\Local\Temp\82dfedcd3aaf4ed10199\d.sock
[NX Daemon Server] - 2024-10-04T08:02:22.014Z - [WATCHER]: Subscribed to changes within: c:\Users\dungurea\Documents\LocalForLocalEU\frontend (native)
[NX Daemon Server] - 2024-10-04T08:02:22.020Z - Established a connection. Number of open connections: 1
[NX Daemon Server] - 2024-10-04T08:02:22.022Z - Closed a connection. Number of open connections: 0
[NX Daemon Server] - 2024-10-04T08:02:22.022Z - Established a connection. Number of open connections: 1
[NX Daemon Server] - 2024-10-04T08:02:22.023Z - [REQUEST]: Responding to the client. Shutdown initiated
[NX Daemon Server] - 2024-10-04T08:02:22.024Z - Done responding to the client Shutdown initiated
[NX Daemon Server] - 2024-10-04T08:02:22.025Z - Handled FORCE_SHUTDOWN. Handling time: 0. Response time: 2.
[NX Daemon Server] - 2024-10-04T08:02:22.025Z - Closed a connection. Number of open connections: 0
[NX Daemon Server] - 2024-10-04T08:02:22.025Z - [WATCHER]: Stopping the watcher for c:\Users\dungurea\Documents\LocalForLocalEU\frontend (sources)
[NX Daemon Server] - 2024-10-04T08:02:22.025Z - [WATCHER]: Stopping the watcher for c:\Users\dungurea\Documents\LocalForLocalEU\frontend (outputs)
[NX Daemon Server] - 2024-10-04T08:02:22.284Z - Started listening on: \\.\pipe\nx\C:\Users\dungurea\AppData\Local\Temp\82dfedcd3aaf4ed10199\d.sock
[NX Daemon Server] - 2024-10-04T08:02:22.286Z - [WATCHER]: Subscribed to changes within: c:\Users\dungurea\Documents\LocalForLocalEU\frontend (native)
[NX Daemon Server] - 2024-10-04T08:02:22.299Z - Established a connection. Number of open connections: 1
[NX Daemon Server] - 2024-10-04T08:02:22.300Z - Closed a connection. Number of open connections: 0
[NX Daemon Server] - 2024-10-04T08:02:22.300Z - Established a connection. Number of open connections: 1
[NX Daemon Server] - 2024-10-04T08:02:22.302Z - [REQUEST]: Responding to the client. Shutdown initiated
[NX Daemon Server] - 2024-10-04T08:02:22.302Z - Done responding to the client Shutdown initiated
[NX Daemon Server] - 2024-10-04T08:02:22.302Z - Handled FORCE_SHUTDOWN. Handling time: 0. Response time: 0.
[NX Daemon Server] - 2024-10-04T08:02:22.313Z - Closed a connection. Number of open connections: 0
[NX Daemon Server] - 2024-10-04T08:02:22.313Z - [WATCHER]: Stopping the watcher for c:\Users\dungurea\Documents\LocalForLocalEU\frontend (sources)
[NX Daemon Server] - 2024-10-04T08:02:22.314Z - [WATCHER]: Stopping the watcher for c:\Users\dungurea\Documents\LocalForLocalEU\frontend (outputs)
[NX Daemon Server] - 2024-10-04T08:02:50.769Z - Started listening on: \\.\pipe\nx\C:\Users\dungurea\AppData\Local\Temp\82dfedcd3aaf4ed10199\d.sock
[NX Daemon Server] - 2024-10-04T08:02:50.773Z - [WATCHER]: Subscribed to changes within: c:\Users\dungurea\Documents\LocalForLocalEU\frontend (native)
[NX Daemon Server] - 2024-10-04T08:02:50.776Z - Established a connection. Number of open connections: 1
[NX Daemon Server] - 2024-10-04T08:02:50.777Z - Established a connection. Number of open connections: 2
[NX Daemon Server] - 2024-10-04T08:02:50.779Z - Closed a connection. Number of open connections: 1
[NX Daemon Server] - 2024-10-04T08:02:50.780Z - [REQUEST]: Responding to the client. Shutdown initiated
[NX Daemon Server] - 2024-10-04T08:02:50.781Z - Done responding to the client Shutdown initiated
[NX Daemon Server] - 2024-10-04T08:02:50.781Z - Handled FORCE_SHUTDOWN. Handling time: 0. Response time: 1.
[NX Daemon Server] - 2024-10-04T08:02:50.782Z - Closed a connection. Number of open connections: 0
[NX Daemon Server] - 2024-10-04T08:02:50.782Z - [WATCHER]: Stopping the watcher for c:\Users\dungurea\Documents\LocalForLocalEU\frontend (sources)
[NX Daemon Server] - 2024-10-04T08:02:50.782Z - [WATCHER]: Stopping the watcher for c:\Users\dungurea\Documents\LocalForLocalEU\frontend (outputs)
[NX Daemon Server] - 2024-10-04T08:02:51.067Z - Started listening on: \\.\pipe\nx\C:\Users\dungurea\AppData\Local\Temp\82dfedcd3aaf4ed10199\d.sock
[NX Daemon Server] - 2024-10-04T08:02:51.069Z - [WATCHER]: Subscribed to changes within: c:\Users\dungurea\Documents\LocalForLocalEU\frontend (native)
[NX Daemon Server] - 2024-10-04T08:02:51.081Z - Established a connection. Number of open connections: 1
[NX Daemon Server] - 2024-10-04T08:02:51.082Z - Closed a connection. Number of open connections: 0
[NX Daemon Server] - 2024-10-04T08:02:51.082Z - Established a connection. Number of open connections: 1
[NX Daemon Server] - 2024-10-04T08:02:51.083Z - [REQUEST]: Responding to the client. Shutdown initiated
[NX Daemon Server] - 2024-10-04T08:02:51.084Z - Done responding to the client Shutdown initiated
[NX Daemon Server] - 2024-10-04T08:02:51.084Z - Handled FORCE_SHUTDOWN. Handling time: 0. Response time: 1.
[NX Daemon Server] - 2024-10-04T08:02:51.096Z - Closed a connection. Number of open connections: 0
[NX Daemon Server] - 2024-10-04T08:02:51.096Z - [WATCHER]: Stopping the watcher for c:\Users\dungurea\Documents\LocalForLocalEU\frontend (sources)
[NX Daemon Server] - 2024-10-04T08:02:51.096Z - [WATCHER]: Stopping the watcher for c:\Users\dungurea\Documents\LocalForLocalEU\frontend (outputs)
